  QueryEvaluator.cpp
c:\users\twr\desktop\cs3201-team-4\spa_project\spa\queryevaluator.cpp(3): error C2533: 'QueryEvaluator::{ctor}': constructors not allowed a return type
c:\users\twr\desktop\cs3201-team-4\spa_project\spa\queryevaluator.cpp(3): error C2600: 'QueryEvaluator::QueryEvaluator': cannot define a compiler-generated special member function (must be declared in the class first)
c:\users\twr\desktop\cs3201-team-4\spa_project\spa\queryevaluator.cpp(11): error C2039: 'evaluate': is not a member of 'QueryEvaluator'
  c:\users\twr\desktop\cs3201-team-4\spa_project\spa\queryevaluator.h(14): note: see declaration of 'QueryEvaluator'
c:\users\twr\desktop\cs3201-team-4\spa_project\spa\queryevaluator.cpp(11): error C2065: 'QueryTree': undeclared identifier
c:\users\twr\desktop\cs3201-team-4\spa_project\spa\queryevaluator.cpp(11): error C2065: 'qt': undeclared identifier
c:\users\twr\desktop\cs3201-team-4\spa_project\spa\queryevaluator.cpp(11): error C2448: 'evaluate': function-style initializer appears to be a function definition
c:\users\twr\desktop\cs3201-team-4\spa_project\spa\queryevaluator.cpp(44): error C2039: 'checkCondition': is not a member of 'QueryEvaluator'
  c:\users\twr\desktop\cs3201-team-4\spa_project\spa\queryevaluator.h(14): note: see declaration of 'QueryEvaluator'
c:\users\twr\desktop\cs3201-team-4\spa_project\spa\queryevaluator.cpp(44): error C2146: syntax error: missing ')' before identifier 'obj'
c:\users\twr\desktop\cs3201-team-4\spa_project\spa\queryevaluator.cpp(44): error C2143: syntax error: missing ';' before '{'
c:\users\twr\desktop\cs3201-team-4\spa_project\spa\queryevaluator.cpp(44): error C2447: '{': missing function header (old-style formal list?)
c:\users\twr\desktop\cs3201-team-4\spa_project\spa\queryevaluator.cpp(73): error C2039: 'isSubsetList': is not a member of 'QueryEvaluator'
  c:\users\twr\desktop\cs3201-team-4\spa_project\spa\queryevaluator.h(14): note: see declaration of 'QueryEvaluator'
c:\users\twr\desktop\cs3201-team-4\spa_project\spa\queryevaluator.cpp(83): error C2039: 'checkStmtStmtCondition': is not a member of 'QueryEvaluator'
  c:\users\twr\desktop\cs3201-team-4\spa_project\spa\queryevaluator.h(14): note: see declaration of 'QueryEvaluator'
c:\users\twr\desktop\cs3201-team-4\spa_project\spa\queryevaluator.cpp(83): error C2065: 'ClauseType': undeclared identifier
c:\users\twr\desktop\cs3201-team-4\spa_project\spa\queryevaluator.cpp(83): error C2146: syntax error: missing ')' before identifier 'clause'
c:\users\twr\desktop\cs3201-team-4\spa_project\spa\queryevaluator.cpp(83): error C2143: syntax error: missing ';' before '{'
c:\users\twr\desktop\cs3201-team-4\spa_project\spa\queryevaluator.cpp(83): error C2447: '{': missing function header (old-style formal list?)
c:\users\twr\desktop\cs3201-team-4\spa_project\spa\queryevaluator.cpp(120): error C2039: 'verifyStmtNoRelation': is not a member of 'QueryEvaluator'
  c:\users\twr\desktop\cs3201-team-4\spa_project\spa\queryevaluator.h(14): note: see declaration of 'QueryEvaluator'
c:\users\twr\desktop\cs3201-team-4\spa_project\spa\queryevaluator.cpp(120): error C2065: 'ClauseType': undeclared identifier
c:\users\twr\desktop\cs3201-team-4\spa_project\spa\queryevaluator.cpp(120): error C2146: syntax error: missing ')' before identifier 'clause'
c:\users\twr\desktop\cs3201-team-4\spa_project\spa\queryevaluator.cpp(120): error C2143: syntax error: missing ';' before '{'
c:\users\twr\desktop\cs3201-team-4\spa_project\spa\queryevaluator.cpp(120): error C2447: '{': missing function header (old-style formal list?)
c:\users\twr\desktop\cs3201-team-4\spa_project\spa\queryevaluator.cpp(156): error C2039: 'getClauseTypeList': is not a member of 'QueryEvaluator'
  c:\users\twr\desktop\cs3201-team-4\spa_project\spa\queryevaluator.h(14): note: see declaration of 'QueryEvaluator'
c:\users\twr\desktop\cs3201-team-4\spa_project\spa\queryevaluator.cpp(156): error C2065: 'ClauseType': undeclared identifier
c:\users\twr\desktop\cs3201-team-4\spa_project\spa\queryevaluator.cpp(156): error C2146: syntax error: missing ')' before identifier 'clause'
c:\users\twr\desktop\cs3201-team-4\spa_project\spa\queryevaluator.cpp(156): error C2143: syntax error: missing ';' before '{'
c:\users\twr\desktop\cs3201-team-4\spa_project\spa\queryevaluator.cpp(156): error C2447: '{': missing function header (old-style formal list?)
c:\users\twr\desktop\cs3201-team-4\spa_project\spa\queryevaluator.cpp(213): error C2039: 'getDeclareTypeList': is not a member of 'QueryEvaluator'
  c:\users\twr\desktop\cs3201-team-4\spa_project\spa\queryevaluator.h(14): note: see declaration of 'QueryEvaluator'
c:\users\twr\desktop\cs3201-team-4\spa_project\spa\queryevaluator.cpp(213): error C2065: 'DeclareType': undeclared identifier
c:\users\twr\desktop\cs3201-team-4\spa_project\spa\queryevaluator.cpp(213): error C2146: syntax error: missing ')' before identifier 'declare'
c:\users\twr\desktop\cs3201-team-4\spa_project\spa\queryevaluator.cpp(213): error C2143: syntax error: missing ';' before '{'
c:\users\twr\desktop\cs3201-team-4\spa_project\spa\queryevaluator.cpp(213): error C2447: '{': missing function header (old-style formal list?)
c:\users\twr\desktop\cs3201-team-4\spa_project\spa\queryevaluator.cpp(238): error C2039: 'checkStmtEmtCondition': is not a member of 'QueryEvaluator'
  c:\users\twr\desktop\cs3201-team-4\spa_project\spa\queryevaluator.h(14): note: see declaration of 'QueryEvaluator'
c:\users\twr\desktop\cs3201-team-4\spa_project\spa\queryevaluator.cpp(238): error C2061: syntax error: identifier 'DeclareType'
c:\users\twr\desktop\cs3201-team-4\spa_project\spa\queryevaluator.cpp(239): error C2065: 'leftChildType': undeclared identifier
c:\users\twr\desktop\cs3201-team-4\spa_project\spa\queryevaluator.cpp(239): error C2065: 'UNDERSCORE': undeclared identifier
c:\users\twr\desktop\cs3201-team-4\spa_project\spa\queryevaluator.cpp(239): error C2065: 'rightChildType': undeclared identifier
c:\users\twr\desktop\cs3201-team-4\spa_project\spa\queryevaluator.cpp(242): error C2065: 'leftChildType': undeclared identifier
c:\users\twr\desktop\cs3201-team-4\spa_project\spa\queryevaluator.cpp(242): error C2065: 'INT': undeclared identifier
c:\users\twr\desktop\cs3201-team-4\spa_project\spa\queryevaluator.cpp(247): error C2065: 'rightChildType': undeclared identifier
c:\users\twr\desktop\cs3201-team-4\spa_project\spa\queryevaluator.cpp(247): error C3861: 'getChildTypeList': identifier not found
c:\users\twr\desktop\cs3201-team-4\spa_project\spa\queryevaluator.cpp(251): error C2065: 'leftChildType': undeclared identifier
c:\users\twr\desktop\cs3201-team-4\spa_project\spa\queryevaluator.cpp(251): error C2065: 'INT': undeclared identifier
c:\users\twr\desktop\cs3201-team-4\spa_project\spa\queryevaluator.cpp(252): error C2065: 'leftChildType': undeclared identifier
c:\users\twr\desktop\cs3201-team-4\spa_project\spa\queryevaluator.cpp(252): error C3861: 'getChildTypeList': identifier not found
c:\users\twr\desktop\cs3201-team-4\spa_project\spa\queryevaluator.cpp(253): error C2065: 'rightChildType': undeclared identifier
c:\users\twr\desktop\cs3201-team-4\spa_project\spa\queryevaluator.cpp(253): error C3861: 'getChildTypeList': identifier not found
c:\users\twr\desktop\cs3201-team-4\spa_project\spa\queryevaluator.cpp(260): error C2039: 'getChildTypeList': is not a member of 'QueryEvaluator'
  c:\users\twr\desktop\cs3201-team-4\spa_project\spa\queryevaluator.h(14): note: see declaration of 'QueryEvaluator'
c:\users\twr\desktop\cs3201-team-4\spa_project\spa\queryevaluator.cpp(260): error C2065: 'DeclareType': undeclared identifier
c:\users\twr\desktop\cs3201-team-4\spa_project\spa\queryevaluator.cpp(260): error C2146: syntax error: missing ')' before identifier 'child'
c:\users\twr\desktop\cs3201-team-4\spa_project\spa\queryevaluator.cpp(260): error C2143: syntax error: missing ';' before '{'
c:\users\twr\desktop\cs3201-team-4\spa_project\spa\queryevaluator.cpp(260): error C2447: '{': missing function header (old-style formal list?)
c:\users\twr\desktop\cs3201-team-4\spa_project\spa\queryevaluator.cpp(286): error C2039: 'vectorIntToString': is not a member of 'QueryEvaluator'
  c:\users\twr\desktop\cs3201-team-4\spa_project\spa\queryevaluator.h(14): note: see declaration of 'QueryEvaluator'
c:\users\twr\desktop\cs3201-team-4\spa_project\spa\queryevaluator.cpp(296): error C2039: 'intersection': is not a member of 'QueryEvaluator'
  c:\users\twr\desktop\cs3201-team-4\spa_project\spa\queryevaluator.h(14): note: see declaration of 'QueryEvaluator'
c:\users\twr\desktop\cs3201-team-4\spa_project\spa\queryevaluator.cpp(302): error C3861: 'back_inserter': identifier not found
c:\users\twr\desktop\cs3201-team-4\spa_project\spa\queryevaluator.cpp(310): error C2039: 'getResult': is not a member of 'QueryEvaluator'
  c:\users\twr\desktop\cs3201-team-4\spa_project\spa\queryevaluator.h(14): note: see declaration of 'QueryEvaluator'
c:\users\twr\desktop\cs3201-team-4\spa_project\spa\queryevaluator.cpp(310): error C2146: syntax error: missing ')' before identifier 'obj'
c:\users\twr\desktop\cs3201-team-4\spa_project\spa\queryevaluator.cpp(310): error C2143: syntax error: missing ';' before '{'
c:\users\twr\desktop\cs3201-team-4\spa_project\spa\queryevaluator.cpp(310): error C2447: '{': missing function header (old-style formal list?)
c:\users\twr\desktop\cs3201-team-4\spa_project\spa\queryevaluator.cpp(339): error C2039: 'getStmtStmtResults': is not a member of 'QueryEvaluator'
  c:\users\twr\desktop\cs3201-team-4\spa_project\spa\queryevaluator.h(14): note: see declaration of 'QueryEvaluator'
c:\users\twr\desktop\cs3201-team-4\spa_project\spa\queryevaluator.cpp(339): error C2065: 'ClauseType': undeclared identifier
c:\users\twr\desktop\cs3201-team-4\spa_project\spa\queryevaluator.cpp(339): error C2146: syntax error: missing ')' before identifier 'clause'
c:\users\twr\desktop\cs3201-team-4\spa_project\spa\queryevaluator.cpp(339): error C2143: syntax error: missing ';' before '{'
c:\users\twr\desktop\cs3201-team-4\spa_project\spa\queryevaluator.cpp(339): error C2447: '{': missing function header (old-style formal list?)
c:\users\twr\desktop\cs3201-team-4\spa_project\spa\queryevaluator.cpp(388): error C2039: 'getStmtEmtResults': is not a member of 'QueryEvaluator'
  c:\users\twr\desktop\cs3201-team-4\spa_project\spa\queryevaluator.h(14): note: see declaration of 'QueryEvaluator'
c:\users\twr\desktop\cs3201-team-4\spa_project\spa\queryevaluator.cpp(388): error C2061: syntax error: identifier 'DeclareType'
c:\users\twr\desktop\cs3201-team-4\spa_project\spa\queryevaluator.cpp(389): error C2065: 'leftChildType': undeclared identifier
c:\users\twr\desktop\cs3201-team-4\spa_project\spa\queryevaluator.cpp(389): error C2065: 'UNDERSCORE': undeclared identifier
c:\users\twr\desktop\cs3201-team-4\spa_project\spa\queryevaluator.cpp(389): error C2065: 'rightChildType': undeclared identifier
c:\users\twr\desktop\cs3201-team-4\spa_project\spa\queryevaluator.cpp(390): error C2440: 'return': cannot convert from 'bool' to 'std::vector<std::string,std::allocator<_Ty>>'
          with
          [
              _Ty=std::string
          ]
  c:\users\twr\desktop\cs3201-team-4\spa_project\spa\queryevaluator.cpp(390): note: Constructor for class 'std::vector<std::string,std::allocator<_Ty>>' is declared 'explicit'
          with
          [
              _Ty=std::string
          ]
c:\users\twr\desktop\cs3201-team-4\spa_project\spa\queryevaluator.cpp(392): error C2065: 'leftChildType': undeclared identifier
c:\users\twr\desktop\cs3201-team-4\spa_project\spa\queryevaluator.cpp(392): error C2065: 'INT': undeclared identifier
c:\users\twr\desktop\cs3201-team-4\spa_project\spa\queryevaluator.cpp(397): error C2065: 'rightChildType': undeclared identifier
c:\users\twr\desktop\cs3201-team-4\spa_project\spa\queryevaluator.cpp(397): error C3861: 'getChildTypeList': identifier not found
c:\users\twr\desktop\cs3201-team-4\spa_project\spa\queryevaluator.cpp(408): error C2065: 'leftChildType': undeclared identifier
c:\users\twr\desktop\cs3201-team-4\spa_project\spa\queryevaluator.cpp(408): error C2065: 'INT': undeclared identifier
c:\users\twr\desktop\cs3201-team-4\spa_project\spa\queryevaluator.cpp(409): error C2065: 'leftChildType': undeclared identifier
c:\users\twr\desktop\cs3201-team-4\spa_project\spa\queryevaluator.cpp(409): error C3861: 'getChildTypeList': identifier not found
c:\users\twr\desktop\cs3201-team-4\spa_project\spa\queryevaluator.cpp(410): error C2065: 'rightChildType': undeclared identifier
c:\users\twr\desktop\cs3201-team-4\spa_project\spa\queryevaluator.cpp(410): error C3861: 'getChildTypeList': identifier not found
c:\users\twr\desktop\cs3201-team-4\spa_project\spa\queryevaluator.cpp(426): error C2039: 'getPatternResults': is not a member of 'QueryEvaluator'
  c:\users\twr\desktop\cs3201-team-4\spa_project\spa\queryevaluator.h(14): note: see declaration of 'QueryEvaluator'
c:\users\twr\desktop\cs3201-team-4\spa_project\spa\queryevaluator.cpp(426): error C2065: 'DeclareType': undeclared identifier
c:\users\twr\desktop\cs3201-team-4\spa_project\spa\queryevaluator.cpp(426): error C2146: syntax error: missing ')' before identifier 'patternType'
c:\users\twr\desktop\cs3201-team-4\spa_project\spa\queryevaluator.cpp(426): error C2143: syntax error: missing ';' before '{'
c:\users\twr\desktop\cs3201-team-4\spa_project\spa\queryevaluator.cpp(426): error C2447: '{': missing function header (old-style formal list?)
c:\users\twr\desktop\cs3201-team-4\spa_project\spa\queryevaluator.cpp(430): error C2039: 'getModifiesResults': is not a member of 'QueryEvaluator'
  c:\users\twr\desktop\cs3201-team-4\spa_project\spa\queryevaluator.h(14): note: see declaration of 'QueryEvaluator'
c:\users\twr\desktop\cs3201-team-4\spa_project\spa\queryevaluator.cpp(430): error C2061: syntax error: identifier 'DeclareType'
c:\users\twr\desktop\cs3201-team-4\spa_project\spa\queryevaluator.cpp(431): error C2065: 'leftChildType': undeclared identifier
c:\users\twr\desktop\cs3201-team-4\spa_project\spa\queryevaluator.cpp(431): error C2065: 'INT': undeclared identifier
c:\users\twr\desktop\cs3201-team-4\spa_project\spa\queryevaluator.cpp(432): error C2065: 'rightChildType': undeclared identifier
c:\users\twr\desktop\cs3201-team-4\spa_project\spa\queryevaluator.cpp(432): error C2050: switch expression not integral
c:\users\twr\desktop\cs3201-team-4\spa_project\spa\queryevaluator.cpp(433): error C2065: 'VARIABLE': undeclared identifier
c:\users\twr\desktop\cs3201-team-4\spa_project\spa\queryevaluator.cpp(433): error C2131: expression did not evaluate to a constant
  c:\users\twr\desktop\cs3201-team-4\spa_project\spa\queryevaluator.cpp(433): note: failure was caused by non-constant arguments or reference to a non-constant symbol
  c:\users\twr\desktop\cs3201-team-4\spa_project\spa\queryevaluator.cpp(433): note: see usage of 'VARIABLE'
c:\users\twr\desktop\cs3201-team-4\spa_project\spa\queryevaluator.cpp(434): error C2065: 'VariableTable': undeclared identifier
c:\users\twr\desktop\cs3201-team-4\spa_project\spa\queryevaluator.cpp(434): error C2146: syntax error: missing ';' before identifier 'variable_T'
c:\users\twr\desktop\cs3201-team-4\spa_project\spa\queryevaluator.cpp(434): error C2065: 'variable_T': undeclared identifier
c:\users\twr\desktop\cs3201-team-4\spa_project\spa\queryevaluator.cpp(435): error C2065: 'AssignTable': undeclared identifier
c:\users\twr\desktop\cs3201-team-4\spa_project\spa\queryevaluator.cpp(435): error C2146: syntax error: missing ';' before identifier 'assign_T'
c:\users\twr\desktop\cs3201-team-4\spa_project\spa\queryevaluator.cpp(435): error C2065: 'assign_T': undeclared identifier
c:\users\twr\desktop\cs3201-team-4\spa_project\spa\queryevaluator.cpp(438): error C2065: 'STR': undeclared identifier
c:\users\twr\desktop\cs3201-team-4\spa_project\spa\queryevaluator.cpp(438): error C2131: expression did not evaluate to a constant
  c:\users\twr\desktop\cs3201-team-4\spa_project\spa\queryevaluator.cpp(438): note: failure was caused by non-constant arguments or reference to a non-constant symbol
  c:\users\twr\desktop\cs3201-team-4\spa_project\spa\queryevaluator.cpp(438): note: see usage of 'STR'
c:\users\twr\desktop\cs3201-team-4\spa_project\spa\queryevaluator.cpp(439): error C2059: syntax error: '}'
c:\users\twr\desktop\cs3201-team-4\spa_project\spa\queryevaluator.cpp(439): fatal error C1003: error count exceeds 100; stopping compilation
  PQL.cpp
c:\users\twr\desktop\cs3201-team-4\spa_project\spa\pql header\pql.h(7): fatal error C1083: Cannot open include file: 'QueryTree.h': No such file or directory
  TNode.cpp
  PKB.cpp
  Parser.cpp
  DesignExtractor.cpp
  Generating Code...
